2025-07-16 11:36:47,077 - INFO - newsbot.Scraper - Starting scraper for URL: https://www.utsa.edu/today/2025/07/story/AI-for-everyone-camp.html
2025-07-16 11:36:50,625 - INFO - newsbot.Scraper - Page fetched successfully: https://www.utsa.edu/today/2025/07/story/AI-for-everyone-camp.html
2025-07-16 11:36:50,642 - INFO - newsbot.Scraper - Page title parsed successfully: https://www.utsa.edu/today/2025/07/story/AI-for-everyone-camp.html
2025-07-16 11:36:50,658 - INFO - newsbot.Scraper - Page content parsed successfully: https://www.utsa.edu/today/2025/07/story/AI-for-everyone-camp.html
2025-07-16 11:43:33,255 - INFO - newsbot.Scraper - Starting scraper for URL: https://www.utsa.edu/today/2025/07/story/AI-for-everyone-camp.html
2025-07-16 11:43:41,313 - INFO - newsbot.Scraper - Page fetched successfully: https://www.utsa.edu/today/2025/07/story/AI-for-everyone-camp.html
2025-07-16 11:43:41,335 - INFO - newsbot.Scraper - Page title parsed successfully: https://www.utsa.edu/today/2025/07/story/AI-for-everyone-camp.html
2025-07-16 11:43:41,353 - INFO - newsbot.Scraper - Page content parsed successfully: https://www.utsa.edu/today/2025/07/story/AI-for-everyone-camp.html
2025-07-16 11:43:41,377 - INFO - newsbot.device_config - Using MPS device
2025-07-16 11:43:50,281 - INFO - newsbot.Summarizer - Page summarized successfully: https://www.utsa.edu/today/2025/07/story/AI-for-everyone-camp.html
2025-07-16 12:11:51,154 - INFO - newsbot.Scraper - Starting scraper for URL: https://www.utsa.edu/today/2025/07/story/AI-for-everyone-camp.html
2025-07-16 12:11:55,072 - INFO - newsbot.Scraper - Page fetched successfully: https://www.utsa.edu/today/2025/07/story/AI-for-everyone-camp.html
2025-07-16 12:11:55,095 - INFO - newsbot.Scraper - Page title parsed successfully: https://www.utsa.edu/today/2025/07/story/AI-for-everyone-camp.html
2025-07-16 12:11:55,113 - INFO - newsbot.Scraper - Page content parsed successfully: https://www.utsa.edu/today/2025/07/story/AI-for-everyone-camp.html
2025-07-16 12:11:55,133 - INFO - newsbot.device_config - Using MPS device
2025-07-16 12:12:03,609 - INFO - newsbot.Summarizer - Page summarized successfully: https://www.utsa.edu/today/2025/07/story/AI-for-everyone-camp.html
2025-07-16 19:17:30,807 - INFO - newsbot.Scraper - Starting scraper for URL: https://www.utsa.edu/today/2025/07/story/AI-for-everyone-camp.html
2025-07-16 19:17:33,549 - INFO - newsbot.Scraper - Page fetched successfully: https://www.utsa.edu/today/2025/07/story/AI-for-everyone-camp.html
2025-07-16 19:17:33,572 - INFO - newsbot.Scraper - Page title parsed successfully: https://www.utsa.edu/today/2025/07/story/AI-for-everyone-camp.html
2025-07-16 19:17:33,591 - INFO - newsbot.Scraper - Page content parsed successfully: https://www.utsa.edu/today/2025/07/story/AI-for-everyone-camp.html
2025-07-16 19:17:33,609 - INFO - newsbot.device_config - Using MPS device
2025-07-16 19:17:39,943 - INFO - newsbot.Summarizer - Page summarized successfully: https://www.utsa.edu/today/2025/07/story/AI-for-everyone-camp.html
2025-07-16 19:21:44,018 - INFO - newsbot.ArticleEvaluator - Starting article evaluation for: 'The perfect snack and lessons in AI: Teaching tech at UTSA camp | UTSA Today'
2025-07-17 17:35:17,043 - INFO - newsbot.Scraper - Starting scraper for URL: https://www.utsa.edu/today/2025/07/story/AI-for-everyone-camp.html
2025-07-17 17:35:19,271 - INFO - newsbot.Scraper - Page fetched successfully: https://www.utsa.edu/today/2025/07/story/AI-for-everyone-camp.html
2025-07-17 17:35:19,291 - INFO - newsbot.Scraper - Page title parsed successfully: https://www.utsa.edu/today/2025/07/story/AI-for-everyone-camp.html
2025-07-17 17:35:19,307 - INFO - newsbot.Scraper - Page content parsed successfully: https://www.utsa.edu/today/2025/07/story/AI-for-everyone-camp.html
2025-07-17 17:35:19,333 - INFO - newsbot.device_config - Using MPS device
2025-07-17 17:35:25,962 - INFO - newsbot.Summarizer - Page summarized successfully: https://www.utsa.edu/today/2025/07/story/AI-for-everyone-camp.html
